2023-10-31 09:55:08.211+0000 [id=1]	INFO	winstone.Logger#logInternal: Beginning extraction from war file
2023-10-31 09:55:13.047+0000 [id=1]	WARNING	o.e.j.s.handler.ContextHandler#setContextPath: Empty contextPath
2023-10-31 09:55:13.146+0000 [id=1]	INFO	org.eclipse.jetty.server.Server#doStart: jetty-10.0.17; built: 2023-10-02T04:04:10.314Z; git: a0f5f05abaa6c3aabb7c3d35f10a6f412ab8b05f; jvm 11.0.19+9-LTS-224
2023-10-31 09:55:14.396+0000 [id=1]	INFO	o.e.j.w.StandardDescriptorProcessor#visitServlet: NO JSP Support for /, did not find org.eclipse.jetty.jsp.JettyJspServlet
2023-10-31 09:55:14.488+0000 [id=1]	INFO	o.e.j.s.s.DefaultSessionIdManager#doStart: Session workerName=node0
2023-10-31 09:55:15.305+0000 [id=1]	INFO	hudson.WebAppMain#contextInitialized: Jenkins home directory: C:\ProgramData\Jenkins\.jenkins found at: EnvVars.masterEnvVars.get("JENKINS_HOME")
2023-10-31 09:55:15.756+0000 [id=1]	INFO	o.e.j.s.handler.ContextHandler#doStart: Started w.@70c0a3d5{Jenkins v2.414.3,/,file:///C:/ProgramData/Jenkins/war/,AVAILABLE}{C:\ProgramData\Jenkins\war}
2023-10-31 09:55:15.804+0000 [id=1]	INFO	o.e.j.server.AbstractConnector#doStart: Started ServerConnector@3cc41abc{HTTP/1.1, (http/1.1)}{0.0.0.0:8080}
2023-10-31 09:55:15.937+0000 [id=1]	INFO	org.eclipse.jetty.server.Server#doStart: Started Server@74a6a609{STARTING}[10.0.17,sto=0] @14785ms
2023-10-31 09:55:15.939+0000 [id=26]	INFO	winstone.Logger#logInternal: Winstone Servlet Engine running: controlPort=disabled
2023-10-31 09:55:16.237+0000 [id=32]	INFO	jenkins.InitReactorRunner$1#onAttained: Started initialization
2023-10-31 09:55:16.239+0000 [id=45]	INFO	jenkins.InitReactorRunner$1#onAttained: Listed all plugins
2023-10-31 09:55:17.324+0000 [id=31]	INFO	jenkins.InitReactorRunner$1#onAttained: Prepared all plugins
2023-10-31 09:55:17.331+0000 [id=41]	INFO	jenkins.InitReactorRunner$1#onAttained: Started all plugins
2023-10-31 09:55:17.338+0000 [id=35]	INFO	jenkins.InitReactorRunner$1#onAttained: Augmented all extensions
2023-10-31 09:55:22.785+0000 [id=35]	INFO	jenkins.InitReactorRunner$1#onAttained: System config loaded
2023-10-31 09:55:22.786+0000 [id=44]	INFO	jenkins.InitReactorRunner$1#onAttained: System config adapted
2023-10-31 09:55:22.787+0000 [id=39]	INFO	jenkins.InitReactorRunner$1#onAttained: Loaded all jobs
2023-10-31 09:55:22.789+0000 [id=41]	INFO	jenkins.InitReactorRunner$1#onAttained: Configuration for all jobs updated
WARNING: An illegal reflective access operation has occurred
WARNING: Illegal reflective access by org.codehaus.groovy.vmplugin.v7.Java7$1 (file:/C:/ProgramData/Jenkins/war/WEB-INF/lib/groovy-all-2.4.21.jar) to constructor java.lang.invoke.MethodHandles$Lookup(java.lang.Class,int)
WARNING: Please consider reporting this to the maintainers of org.codehaus.groovy.vmplugin.v7.Java7$1
WARNING: Use --illegal-access=warn to enable warnings of further illegal reflective access operations
WARNING: All illegal access operations will be denied in a future release
2023-10-31 09:55:23.065+0000 [id=58]	INFO	hudson.util.Retrier#start: Attempt #1 to do the action check updates server
2023-10-31 09:55:24.192+0000 [id=31]	INFO	jenkins.install.SetupWizard#init: 

*************************************************************
*************************************************************
*************************************************************

Jenkins initial setup is required. An admin user has been created and a password generated.
Please use the following password to proceed to installation:

f03d2d4df0e841ee9e0fac49ad3b398c

This may also be found at: C:\ProgramData\Jenkins\.jenkins\secrets\initialAdminPassword

*************************************************************
*************************************************************
*************************************************************

2023-10-31 09:55:37.123+0000 [id=31]	WARNING	hudson.model.UpdateCenter#updateDefaultSite: Upgrading Jenkins. Failed to update the default Update Site 'default'. Plugin upgrades may fail.
java.net.UnknownHostException: updates.jenkins.io
	at java.base/java.net.AbstractPlainSocketImpl.connect(AbstractPlainSocketImpl.java:229)
	at java.base/java.net.SocksSocketImpl.connect(SocksSocketImpl.java:392)
	at java.base/java.net.Socket.connect(Socket.java:608)
	at java.base/sun.security.ssl.SSLSocketImpl.connect(SSLSocketImpl.java:302)
	at java.base/sun.net.NetworkClient.doConnect(NetworkClient.java:177)
	at java.base/sun.net.www.http.HttpClient.openServer(HttpClient.java:508)
	at java.base/sun.net.www.http.HttpClient.openServer(HttpClient.java:603)
	at java.base/sun.net.www.protocol.https.HttpsClient.<init>(HttpsClient.java:265)
	at java.base/sun.net.www.protocol.https.HttpsClient.New(HttpsClient.java:372)
	at java.base/sun.net.www.protocol.https.AbstractDelegateHttpsURLConnection.getNewHttpClient(AbstractDelegateHttpsURLConnection.java:207)
	at java.base/sun.net.www.protocol.http.HttpURLConnection.plainConnect0(HttpURLConnection.java:1187)
	at java.base/sun.net.www.protocol.http.HttpURLConnection.plainConnect(HttpURLConnection.java:1081)
	at java.base/sun.net.www.protocol.https.AbstractDelegateHttpsURLConnection.connect(AbstractDelegateHttpsURLConnection.java:193)
	at java.base/sun.net.www.protocol.http.HttpURLConnection.getInputStream0(HttpURLConnection.java:1592)
	at java.base/sun.net.www.protocol.http.HttpURLConnection.getInputStream(HttpURLConnection.java:1520)
	at java.base/sun.net.www.protocol.https.HttpsURLConnectionImpl.getInputStream(HttpsURLConnectionImpl.java:250)
	at hudson.model.DownloadService.loadJSON(DownloadService.java:122)
	at hudson.model.UpdateSite.updateDirectlyNow(UpdateSite.java:218)
	at hudson.model.UpdateSite.updateDirectlyNow(UpdateSite.java:213)
	at hudson.model.UpdateCenter.updateDefaultSite(UpdateCenter.java:2697)
	at jenkins.install.SetupWizard.init(SetupWizard.java:209)
	at jenkins.install.InstallState$InitialSecuritySetup.initializeState(InstallState.java:182)
	at jenkins.model.Jenkins.setInstallState(Jenkins.java:1139)
	at jenkins.install.InstallUtil.proceedToNextStateFrom(InstallUtil.java:99)
	at jenkins.install.InstallState$Unknown.initializeState(InstallState.java:88)
	at jenkins.model.Jenkins$15.run(Jenkins.java:3543)
	at org.jvnet.hudson.reactor.TaskGraphBuilder$TaskImpl.run(TaskGraphBuilder.java:177)
	at org.jvnet.hudson.reactor.Reactor.runTask(Reactor.java:305)
	at jenkins.model.Jenkins$5.runTask(Jenkins.java:1166)
	at org.jvnet.hudson.reactor.Reactor$2.run(Reactor.java:221)
	at org.jvnet.hudson.reactor.Reactor$Node.run(Reactor.java:120)
	at jenkins.security.ImpersonatingExecutorService$1.run(ImpersonatingExecutorService.java:68)
	at java.base/java.util.concurrent.ThreadPoolExecutor.runWorker(ThreadPoolExecutor.java:1128)
	at java.base/java.util.concurrent.ThreadPoolExecutor$Worker.run(ThreadPoolExecutor.java:628)
	at java.base/java.lang.Thread.run(Thread.java:834)
2023-10-31 09:55:37.139+0000 [id=58]	INFO	hudson.util.Retrier#start: The attempt #1 to do the action check updates server failed with an allowed exception:
java.net.UnknownHostException: updates.jenkins.io
	at java.base/java.net.AbstractPlainSocketImpl.connect(AbstractPlainSocketImpl.java:229)
	at java.base/java.net.SocksSocketImpl.connect(SocksSocketImpl.java:392)
	at java.base/java.net.Socket.connect(Socket.java:608)
	at java.base/sun.security.ssl.SSLSocketImpl.connect(SSLSocketImpl.java:302)
	at java.base/sun.net.NetworkClient.doConnect(NetworkClient.java:177)
	at java.base/sun.net.www.http.HttpClient.openServer(HttpClient.java:508)
	at java.base/sun.net.www.http.HttpClient.openServer(HttpClient.java:603)
	at java.base/sun.net.www.protocol.https.HttpsClient.<init>(HttpsClient.java:265)
	at java.base/sun.net.www.protocol.https.HttpsClient.New(HttpsClient.java:372)
	at java.base/sun.net.www.protocol.https.AbstractDelegateHttpsURLConnection.getNewHttpClient(AbstractDelegateHttpsURLConnection.java:207)
	at java.base/sun.net.www.protocol.http.HttpURLConnection.plainConnect0(HttpURLConnection.java:1187)
	at java.base/sun.net.www.protocol.http.HttpURLConnection.plainConnect(HttpURLConnection.java:1081)
	at java.base/sun.net.www.protocol.https.AbstractDelegateHttpsURLConnection.connect(AbstractDelegateHttpsURLConnection.java:193)
	at java.base/sun.net.www.protocol.http.HttpURLConnection.getInputStream0(HttpURLConnection.java:1592)
	at java.base/sun.net.www.protocol.http.HttpURLConnection.getInputStream(HttpURLConnection.java:1520)
	at java.base/sun.net.www.protocol.https.HttpsURLConnectionImpl.getInputStream(HttpsURLConnectionImpl.java:250)
	at hudson.model.DownloadService.loadJSON(DownloadService.java:122)
	at hudson.model.UpdateSite.updateDirectlyNow(UpdateSite.java:218)
	at hudson.model.UpdateSite.updateDirectlyNow(UpdateSite.java:213)
	at hudson.PluginManager.checkUpdatesServer(PluginManager.java:2094)
	at hudson.util.Retrier.start(Retrier.java:62)
	at hudson.PluginManager.doCheckUpdatesServer(PluginManager.java:2065)
	at jenkins.DailyCheck.execute(DailyCheck.java:93)
	at hudson.model.AsyncPeriodicWork.lambda$doRun$0(AsyncPeriodicWork.java:102)
	at java.base/java.lang.Thread.run(Thread.java:834)
2023-10-31 09:55:37.139+0000 [id=42]	INFO	jenkins.InitReactorRunner$1#onAttained: Completed initialization
2023-10-31 09:55:37.139+0000 [id=58]	INFO	hudson.util.Retrier#start: Calling the listener of the allowed exception 'updates.jenkins.io' at the attempt #1 to do the action check updates server
2023-10-31 09:55:37.139+0000 [id=58]	INFO	hudson.util.Retrier#start: Attempted the action check updates server for 1 time(s) with no success
2023-10-31 09:55:37.145+0000 [id=58]	SEVERE	hudson.PluginManager#doCheckUpdatesServer: Error checking update sites for 1 attempt(s). Last exception was: UnknownHostException: updates.jenkins.io
2023-10-31 09:55:37.207+0000 [id=24]	INFO	hudson.lifecycle.Lifecycle#onReady: Jenkins is fully up and running
2023-10-31 10:01:41.729+0000 [id=1]	INFO	winstone.Logger#logInternal: Beginning extraction from war file
2023-10-31 10:01:41.792+0000 [id=1]	WARNING	o.e.j.s.handler.ContextHandler#setContextPath: Empty contextPath
2023-10-31 10:01:41.854+0000 [id=1]	INFO	org.eclipse.jetty.server.Server#doStart: jetty-10.0.17; built: 2023-10-02T04:04:10.314Z; git: a0f5f05abaa6c3aabb7c3d35f10a6f412ab8b05f; jvm 11.0.19+9-LTS-224
2023-10-31 10:01:42.378+0000 [id=1]	INFO	o.e.j.w.StandardDescriptorProcessor#visitServlet: NO JSP Support for /, did not find org.eclipse.jetty.jsp.JettyJspServlet
2023-10-31 10:01:42.441+0000 [id=1]	INFO	o.e.j.s.s.DefaultSessionIdManager#doStart: Session workerName=node0
2023-10-31 10:01:42.894+0000 [id=1]	INFO	hudson.WebAppMain#contextInitialized: Jenkins home directory: C:\ProgramData\Jenkins\.jenkins found at: EnvVars.masterEnvVars.get("JENKINS_HOME")
2023-10-31 10:01:43.269+0000 [id=1]	INFO	o.e.j.s.handler.ContextHandler#doStart: Started w.@332f25c8{Jenkins v2.414.3,/,file:///C:/ProgramData/Jenkins/war/,AVAILABLE}{C:\ProgramData\Jenkins\war}
2023-10-31 10:01:43.284+0000 [id=1]	INFO	o.e.j.server.AbstractConnector#doStart: Started ServerConnector@21b2e768{HTTP/1.1, (http/1.1)}{0.0.0.0:8080}
2023-10-31 10:01:43.300+0000 [id=1]	INFO	org.eclipse.jetty.server.Server#doStart: Started Server@55b53d44{STARTING}[10.0.17,sto=0] @2176ms
2023-10-31 10:01:43.300+0000 [id=25]	INFO	winstone.Logger#logInternal: Winstone Servlet Engine running: controlPort=disabled
2023-10-31 10:01:43.581+0000 [id=32]	INFO	jenkins.InitReactorRunner$1#onAttained: Started initialization
2023-10-31 10:01:43.997+0000 [id=40]	INFO	jenkins.InitReactorRunner$1#onAttained: Listed all plugins
2023-10-31 10:01:44.809+0000 [id=37]	INFO	jenkins.InitReactorRunner$1#onAttained: Prepared all plugins
2023-10-31 10:01:44.809+0000 [id=37]	INFO	jenkins.InitReactorRunner$1#onAttained: Started all plugins
2023-10-31 10:01:44.825+0000 [id=32]	INFO	jenkins.InitReactorRunner$1#onAttained: Augmented all extensions
2023-10-31 10:01:45.090+0000 [id=40]	INFO	jenkins.InitReactorRunner$1#onAttained: System config loaded
2023-10-31 10:01:45.090+0000 [id=43]	INFO	jenkins.InitReactorRunner$1#onAttained: System config adapted
2023-10-31 10:01:45.090+0000 [id=44]	INFO	jenkins.InitReactorRunner$1#onAttained: Loaded all jobs
2023-10-31 10:01:45.090+0000 [id=40]	INFO	jenkins.InitReactorRunner$1#onAttained: Configuration for all jobs updated
2023-10-31 10:01:45.137+0000 [id=58]	INFO	hudson.util.Retrier#start: Attempt #1 to do the action check updates server
2023-10-31 10:01:45.153+0000 [id=31]	INFO	jenkins.install.SetupWizard#init: 

*************************************************************
*************************************************************
*************************************************************

Jenkins initial setup is required. An admin user has been created and a password generated.
Please use the following password to proceed to installation:

f03d2d4df0e841ee9e0fac49ad3b398c

This may also be found at: C:\ProgramData\Jenkins\.jenkins\secrets\initialAdminPassword

*************************************************************
*************************************************************
*************************************************************

WARNING: An illegal reflective access operation has occurred
WARNING: Illegal reflective access by org.codehaus.groovy.vmplugin.v7.Java7$1 (file:/C:/ProgramData/Jenkins/war/WEB-INF/lib/groovy-all-2.4.21.jar) to constructor java.lang.invoke.MethodHandles$Lookup(java.lang.Class,int)
WARNING: Please consider reporting this to the maintainers of org.codehaus.groovy.vmplugin.v7.Java7$1
WARNING: Use --illegal-access=warn to enable warnings of further illegal reflective access operations
WARNING: All illegal access operations will be denied in a future release
2023-10-31 10:01:57.280+0000 [id=31]	WARNING	hudson.model.UpdateCenter#updateDefaultSite: Upgrading Jenkins. Failed to update the default Update Site 'default'. Plugin upgrades may fail.
java.net.UnknownHostException: updates.jenkins.io
	at java.base/java.net.AbstractPlainSocketImpl.connect(AbstractPlainSocketImpl.java:229)
	at java.base/java.net.SocksSocketImpl.connect(SocksSocketImpl.java:392)
	at java.base/java.net.Socket.connect(Socket.java:608)
	at java.base/sun.security.ssl.SSLSocketImpl.connect(SSLSocketImpl.java:302)
	at java.base/sun.net.NetworkClient.doConnect(NetworkClient.java:177)
	at java.base/sun.net.www.http.HttpClient.openServer(HttpClient.java:508)
	at java.base/sun.net.www.http.HttpClient.openServer(HttpClient.java:603)
	at java.base/sun.net.www.protocol.https.HttpsClient.<init>(HttpsClient.java:265)
	at java.base/sun.net.www.protocol.https.HttpsClient.New(HttpsClient.java:372)
	at java.base/sun.net.www.protocol.https.AbstractDelegateHttpsURLConnection.getNewHttpClient(AbstractDelegateHttpsURLConnection.java:207)
	at java.base/sun.net.www.protocol.http.HttpURLConnection.plainConnect0(HttpURLConnection.java:1187)
	at java.base/sun.net.www.protocol.http.HttpURLConnection.plainConnect(HttpURLConnection.java:1081)
	at java.base/sun.net.www.protocol.https.AbstractDelegateHttpsURLConnection.connect(AbstractDelegateHttpsURLConnection.java:193)
	at java.base/sun.net.www.protocol.http.HttpURLConnection.getInputStream0(HttpURLConnection.java:1592)
	at java.base/sun.net.www.protocol.http.HttpURLConnection.getInputStream(HttpURLConnection.java:1520)
	at java.base/sun.net.www.protocol.https.HttpsURLConnectionImpl.getInputStream(HttpsURLConnectionImpl.java:250)
	at hudson.model.DownloadService.loadJSON(DownloadService.java:122)
	at hudson.model.UpdateSite.updateDirectlyNow(UpdateSite.java:218)
	at hudson.model.UpdateSite.updateDirectlyNow(UpdateSite.java:213)
	at hudson.model.UpdateCenter.updateDefaultSite(UpdateCenter.java:2697)
	at jenkins.install.SetupWizard.init(SetupWizard.java:209)
	at jenkins.install.InstallState$InitialSecuritySetup.initializeState(InstallState.java:182)
	at jenkins.model.Jenkins.setInstallState(Jenkins.java:1139)
	at jenkins.install.InstallUtil.proceedToNextStateFrom(InstallUtil.java:99)
	at jenkins.install.InstallState$Unknown.initializeState(InstallState.java:88)
	at jenkins.model.Jenkins$15.run(Jenkins.java:3543)
	at org.jvnet.hudson.reactor.TaskGraphBuilder$TaskImpl.run(TaskGraphBuilder.java:177)
	at org.jvnet.hudson.reactor.Reactor.runTask(Reactor.java:305)
	at jenkins.model.Jenkins$5.runTask(Jenkins.java:1166)
	at org.jvnet.hudson.reactor.Reactor$2.run(Reactor.java:221)
	at org.jvnet.hudson.reactor.Reactor$Node.run(Reactor.java:120)
	at jenkins.security.ImpersonatingExecutorService$1.run(ImpersonatingExecutorService.java:68)
	at java.base/java.util.concurrent.ThreadPoolExecutor.runWorker(ThreadPoolExecutor.java:1128)
	at java.base/java.util.concurrent.ThreadPoolExecutor$Worker.run(ThreadPoolExecutor.java:628)
	at java.base/java.lang.Thread.run(Thread.java:834)
2023-10-31 10:01:57.280+0000 [id=58]	INFO	hudson.util.Retrier#start: The attempt #1 to do the action check updates server failed with an allowed exception:
java.net.UnknownHostException: updates.jenkins.io
	at java.base/java.net.AbstractPlainSocketImpl.connect(AbstractPlainSocketImpl.java:229)
	at java.base/java.net.SocksSocketImpl.connect(SocksSocketImpl.java:392)
	at java.base/java.net.Socket.connect(Socket.java:608)
	at java.base/sun.security.ssl.SSLSocketImpl.connect(SSLSocketImpl.java:302)
	at java.base/sun.net.NetworkClient.doConnect(NetworkClient.java:177)
	at java.base/sun.net.www.http.HttpClient.openServer(HttpClient.java:508)
	at java.base/sun.net.www.http.HttpClient.openServer(HttpClient.java:603)
	at java.base/sun.net.www.protocol.https.HttpsClient.<init>(HttpsClient.java:265)
	at java.base/sun.net.www.protocol.https.HttpsClient.New(HttpsClient.java:372)
	at java.base/sun.net.www.protocol.https.AbstractDelegateHttpsURLConnection.getNewHttpClient(AbstractDelegateHttpsURLConnection.java:207)
	at java.base/sun.net.www.protocol.http.HttpURLConnection.plainConnect0(HttpURLConnection.java:1187)
	at java.base/sun.net.www.protocol.http.HttpURLConnection.plainConnect(HttpURLConnection.java:1081)
	at java.base/sun.net.www.protocol.https.AbstractDelegateHttpsURLConnection.connect(AbstractDelegateHttpsURLConnection.java:193)
	at java.base/sun.net.www.protocol.http.HttpURLConnection.getInputStream0(HttpURLConnection.java:1592)
	at java.base/sun.net.www.protocol.http.HttpURLConnection.getInputStream(HttpURLConnection.java:1520)
	at java.base/sun.net.www.protocol.https.HttpsURLConnectionImpl.getInputStream(HttpsURLConnectionImpl.java:250)
	at hudson.model.DownloadService.loadJSON(DownloadService.java:122)
	at hudson.model.UpdateSite.updateDirectlyNow(UpdateSite.java:218)
	at hudson.model.UpdateSite.updateDirectlyNow(UpdateSite.java:213)
	at hudson.PluginManager.checkUpdatesServer(PluginManager.java:2094)
	at hudson.util.Retrier.start(Retrier.java:62)
	at hudson.PluginManager.doCheckUpdatesServer(PluginManager.java:2065)
	at jenkins.DailyCheck.execute(DailyCheck.java:93)
	at hudson.model.AsyncPeriodicWork.lambda$doRun$0(AsyncPeriodicWork.java:102)
	at java.base/java.lang.Thread.run(Thread.java:834)
2023-10-31 10:01:57.280+0000 [id=31]	INFO	jenkins.InitReactorRunner$1#onAttained: Completed initialization
2023-10-31 10:01:57.280+0000 [id=58]	INFO	hudson.util.Retrier#start: Calling the listener of the allowed exception 'updates.jenkins.io' at the attempt #1 to do the action check updates server
2023-10-31 10:01:57.296+0000 [id=58]	INFO	hudson.util.Retrier#start: Attempted the action check updates server for 1 time(s) with no success
2023-10-31 10:01:57.296+0000 [id=58]	SEVERE	hudson.PluginManager#doCheckUpdatesServer: Error checking update sites for 1 attempt(s). Last exception was: UnknownHostException: updates.jenkins.io
2023-10-31 10:01:57.661+0000 [id=24]	INFO	hudson.lifecycle.Lifecycle#onReady: Jenkins is fully up and running
2023-10-31 10:02:19.665+0000 [id=19]	INFO	hudson.PluginManager#install: Starting installation of a batch of 19 plugins plus their dependencies
2023-10-31 10:03:18.260+0000 [id=15]	INFO	hudson.PluginManager#install: Starting installation of a batch of 20 plugins plus their dependencies
2023-10-31 10:03:37.516+0000 [id=66]	INFO	hudson.PluginManager#install: Starting installation of a batch of 17 plugins plus their dependencies
2023-10-31 10:03:52.955+0000 [id=83]	INFO	hudson.PluginManager#install: Starting installation of a batch of 16 plugins plus their dependencies
2023-10-31 10:04:21.748+0000 [id=66]	INFO	hudson.PluginManager#install: Starting installation of a batch of 5 plugins plus their dependencies
2023-10-31 10:04:26.393+0000 [id=14]	INFO	hudson.PluginManager#install: Starting installation of a batch of 19 plugins plus their dependencies
